<?xml version="1.0" encoding="UTF-8"?>
<testsuite name="br.com.fiap.checkpointDigital.Controller.LivrosControllerTest" tests="2" skipped="0" failures="0" errors="0" timestamp="2024-03-10T19:37:53" hostname="DESKTOP-76V9CL7" time="0.264">
  <properties/>
  <testcase name="testOrderByYear()" classname="br.com.fiap.checkpointDigital.Controller.LivrosControllerTest" time="0.22"/>
  <testcase name="testFindByTitle()" classname="br.com.fiap.checkpointDigital.Controller.LivrosControllerTest" time="0.041"/>
  <system-out><![CDATA[16:37:50.612 [Test worker] INFO org.springframework.test.context.support.AnnotationConfigContextLoaderUtils -- Could not detect default configuration classes for test class [br.com.fiap.checkpointDigital.Controller.LivrosControllerTest]: LivrosControllerTest does not declare any static, non-private, non-final, nested classes annotated with @Configuration.
16:37:50.782 [Test worker] INFO org.springframework.boot.test.context.SpringBootTestContextBootstrapper -- Found @SpringBootConfiguration br.com.fiap.checkpointDigital.CheckpointDigitalApplication for test class br.com.fiap.checkpointDigital.Controller.LivrosControllerTest

  .   ____          _            __ _ _
 /\\ / ___'_ __ _ _(_)_ __  __ _ \ \ \ \
( ( )\___ | '_ | '_| | '_ \/ _` | \ \ \ \
 \\/  ___)| |_)| | | | | || (_| |  ) ) ) )
  '  |____| .__|_| |_|_| |_\__, | / / / /
 =========|_|==============|___/=/_/_/_/
 :: Spring Boot ::                (v3.2.3)

2024-03-10T16:37:51.251-03:00  INFO 17032 --- [    Test worker] b.c.f.c.Controller.LivrosControllerTest  : Starting LivrosControllerTest using Java 18.0.2 with PID 17032 (started by Lucas in Z:\facul 1\checkpointDigital)
2024-03-10T16:37:51.253-03:00  INFO 17032 --- [    Test worker] b.c.f.c.Controller.LivrosControllerTest  : No active profile set, falling back to 1 default profile: "default"
2024-03-10T16:37:53.819-03:00  INFO 17032 --- [    Test worker] o.s.b.t.m.w.SpringBootMockServletContext : Initializing Spring TestDispatcherServlet ''
2024-03-10T16:37:53.820-03:00  INFO 17032 --- [    Test worker] o.s.t.web.servlet.TestDispatcherServlet  : Initializing Servlet ''
2024-03-10T16:37:53.823-03:00  INFO 17032 --- [    Test worker] o.s.t.web.servlet.TestDispatcherServlet  : Completed initialization in 1 ms
2024-03-10T16:37:53.860-03:00  INFO 17032 --- [    Test worker] b.c.f.c.Controller.LivrosControllerTest  : Started LivrosControllerTest in 2.979 seconds (process running for 4.475)
]]></system-out>
  <system-err><![CDATA[]]></system-err>
</testsuite>
